<?xml version="1.0" encoding="UTF-8"?>
<testsuites tests="2" failures="0" errors="0" skipped="0">
  <testsuite name="iOS Test Suite POM" timestamp="2026-01-05T16:19:29" time="21.677" tests="2" failures="0" errors="0" skipped="0">
    <properties>
      <property name="specId" value="0"/>
      <property name="suiteName" value="iOS Test Suite - POM"/>
      <property name="capabilities" value="ios.iphone16"/>
      <property name="file" value="file://./test/specs/list_ios.spec.ts"/>
    </properties>
    <testcase classname="ios.iphone16.iOS_Test_Suite_-_POM" name="Create a list" time="3.739">
      <system-out><![CDATA[
COMMAND: POST /session/b7ab755f-b650-461a-a647-5405af5be9e5/element - {"using":"xpath","value":"//XCUIElementTypeStaticText[@name=\"Create list\"]"}
RESULT: {"using":"xpath","value":"//XCUIElementTypeStaticText[@name=\"Create list\"]"}
COMMAND: POST /session/b7ab755f-b650-461a-a647-5405af5be9e5/elements - {"using":"xpath","value":"//XCUIElementTypeStaticText[@name=\"Create list\"]"}
RESULT: {"using":"xpath","value":"//XCUIElementTypeStaticText[@name=\"Create list\"]"}
COMMAND: POST /session/b7ab755f-b650-461a-a647-5405af5be9e5/element - {"using":"xpath","value":"//XCUIElementTypeStaticText[@name=\"Create list\"]"}
RESULT: {"using":"xpath","value":"//XCUIElementTypeStaticText[@name=\"Create list\"]"}
COMMAND: POST /session/b7ab755f-b650-461a-a647-5405af5be9e5/element - {"using":"xpath","value":"//XCUIElementTypeStaticText[@name=\"Create list\"]"}
RESULT: {"using":"xpath","value":"//XCUIElementTypeStaticText[@name=\"Create list\"]"}
COMMAND: POST /session/b7ab755f-b650-461a-a647-5405af5be9e5/element/12000000-0000-0000-F135-010000000000/click - {}
RESULT: {}
COMMAND: POST /session/b7ab755f-b650-461a-a647-5405af5be9e5/element - {"using":"xpath","value":"//XCUIElementTypeTextField"}
RESULT: {"using":"xpath","value":"//XCUIElementTypeTextField"}
COMMAND: POST /session/b7ab755f-b650-461a-a647-5405af5be9e5/element/13000000-0000-0000-F135-010000000000/value - {"text":"Test List"}
RESULT: {"text":"Test List"}
COMMAND: POST /session/b7ab755f-b650-461a-a647-5405af5be9e5/element - {"using":"accessibility id","value":"Create"}
RESULT: {"using":"accessibility id","value":"Create"}
COMMAND: POST /session/b7ab755f-b650-461a-a647-5405af5be9e5/element/75000000-0000-0000-F135-010000000000/click - {}
RESULT: {}
COMMAND: POST /session/b7ab755f-b650-461a-a647-5405af5be9e5/element - {"using":"xpath","value":"//XCUIElementTypeStaticText[@name=\"Test List\"]"}
RESULT: {"using":"xpath","value":"//XCUIElementTypeStaticText[@name=\"Test List\"]"}
COMMAND: POST /session/b7ab755f-b650-461a-a647-5405af5be9e5/elements - {"using":"xpath","value":"//XCUIElementTypeStaticText[@name=\"Test List\"]"}
RESULT: {"using":"xpath","value":"//XCUIElementTypeStaticText[@name=\"Test List\"]"}
]]></system-out>
    </testcase>
    <testcase classname="ios.iphone16.iOS_Test_Suite_-_POM" name="Add items to list" time="17.934">
      <system-out><![CDATA[
COMMAND: POST /session/b7ab755f-b650-461a-a647-5405af5be9e5/element - {"using":"xpath","value":"//XCUIElementTypeStaticText[@name=\"Test List\"]"}
RESULT: {"using":"xpath","value":"//XCUIElementTypeStaticText[@name=\"Test List\"]"}
COMMAND: POST /session/b7ab755f-b650-461a-a647-5405af5be9e5/element/8F000000-0000-0000-F135-010000000000/click - {}
RESULT: {}
COMMAND: POST /session/b7ab755f-b650-461a-a647-5405af5be9e5/element - {"using":"xpath","value":"//XCUIElementTypeButton[@name=\"Add\"]"}
RESULT: {"using":"xpath","value":"//XCUIElementTypeButton[@name=\"Add\"]"}
COMMAND: POST /session/b7ab755f-b650-461a-a647-5405af5be9e5/element/99000000-0000-0000-F135-010000000000/click - {}
RESULT: {}
COMMAND: POST /session/b7ab755f-b650-461a-a647-5405af5be9e5/element - {"using":"xpath","value":"//*[@value=\"Title\"]"}
RESULT: {"using":"xpath","value":"//*[@value=\"Title\"]"}
COMMAND: POST /session/b7ab755f-b650-461a-a647-5405af5be9e5/element/A0000000-0000-0000-F135-010000000000/value - {"text":"Pay Electricity Bill"}
RESULT: {"text":"Pay Electricity Bill"}
COMMAND: POST /session/b7ab755f-b650-461a-a647-5405af5be9e5/element - {"using":"xpath","value":"//*[@value=\"Due\"]"}
RESULT: {"using":"xpath","value":"//*[@value=\"Due\"]"}
COMMAND: POST /session/b7ab755f-b650-461a-a647-5405af5be9e5/element/E2000000-0000-0000-F135-010000000000/click - {}
RESULT: {}
COMMAND: POST /session/b7ab755f-b650-461a-a647-5405af5be9e5/element - {"using":"xpath","value":"//XCUIElementTypeButton[@name=\"Month\"]"}
RESULT: {"using":"xpath","value":"//XCUIElementTypeButton[@name=\"Month\"]"}
COMMAND: GET /session/b7ab755f-b650-461a-a647-5405af5be9e5/element/E4000000-0000-0000-F135-010000000000/text - {}
RESULT: {}
COMMAND: POST /session/b7ab755f-b650-461a-a647-5405af5be9e5/element - {"using":"-ios predicate string","value":"name == \"DatePicker.NextMonth\""}
RESULT: {"using":"-ios predicate string","value":"name == \"DatePicker.NextMonth\""}
COMMAND: POST /session/b7ab755f-b650-461a-a647-5405af5be9e5/element/F2000000-0000-0000-F135-010000000000/click - {}
RESULT: {}
COMMAND: POST /session/b7ab755f-b650-461a-a647-5405af5be9e5/element - {"using":"xpath","value":"//XCUIElementTypeButton[@name=\"Month\"]"}
RESULT: {"using":"xpath","value":"//XCUIElementTypeButton[@name=\"Month\"]"}
COMMAND: GET /session/b7ab755f-b650-461a-a647-5405af5be9e5/element/E4000000-0000-0000-F135-010000000000/text - {}
RESULT: {}
COMMAND: POST /session/b7ab755f-b650-461a-a647-5405af5be9e5/element - {"using":"-ios predicate string","value":"name == \"DatePicker.NextMonth\""}
RESULT: {"using":"-ios predicate string","value":"name == \"DatePicker.NextMonth\""}
COMMAND: POST /session/b7ab755f-b650-461a-a647-5405af5be9e5/element/F2000000-0000-0000-F135-010000000000/click - {}
RESULT: {}
COMMAND: POST /session/b7ab755f-b650-461a-a647-5405af5be9e5/element - {"using":"xpath","value":"//XCUIElementTypeButton[@name=\"Month\"]"}
RESULT: {"using":"xpath","value":"//XCUIElementTypeButton[@name=\"Month\"]"}
COMMAND: GET /session/b7ab755f-b650-461a-a647-5405af5be9e5/element/E4000000-0000-0000-F135-010000000000/text - {}
RESULT: {}
COMMAND: POST /session/b7ab755f-b650-461a-a647-5405af5be9e5/element - {"using":"xpath","value":"//XCUIElementTypeStaticText[@name=\"15\"]"}
RESULT: {"using":"xpath","value":"//XCUIElementTypeStaticText[@name=\"15\"]"}
COMMAND: POST /session/b7ab755f-b650-461a-a647-5405af5be9e5/element/29020000-0000-0000-F135-010000000000/click - {}
RESULT: {}
COMMAND: POST /session/b7ab755f-b650-461a-a647-5405af5be9e5/element - {"using":"xpath","value":"//XCUIElementTypeButton[@name=\"Create\"]"}
RESULT: {"using":"xpath","value":"//XCUIElementTypeButton[@name=\"Create\"]"}
COMMAND: POST /session/b7ab755f-b650-461a-a647-5405af5be9e5/element/CC000000-0000-0000-F135-010000000000/click - {}
RESULT: {}
COMMAND: POST /session/b7ab755f-b650-461a-a647-5405af5be9e5/element - {"using":"xpath","value":"//XCUIElementTypeButton[@name=\"Add\"]"}
RESULT: {"using":"xpath","value":"//XCUIElementTypeButton[@name=\"Add\"]"}
COMMAND: POST /session/b7ab755f-b650-461a-a647-5405af5be9e5/element/99000000-0000-0000-F135-010000000000/click - {}
RESULT: {}
COMMAND: POST /session/b7ab755f-b650-461a-a647-5405af5be9e5/element - {"using":"xpath","value":"//*[@value=\"Title\"]"}
RESULT: {"using":"xpath","value":"//*[@value=\"Title\"]"}
COMMAND: POST /session/b7ab755f-b650-461a-a647-5405af5be9e5/element/4D020000-0000-0000-F135-010000000000/value - {"text":"Buy Groceries"}
RESULT: {"text":"Buy Groceries"}
COMMAND: POST /session/b7ab755f-b650-461a-a647-5405af5be9e5/element - {"using":"xpath","value":"//*[@value=\"Due\"]"}
RESULT: {"using":"xpath","value":"//*[@value=\"Due\"]"}
COMMAND: POST /session/b7ab755f-b650-461a-a647-5405af5be9e5/element/8F020000-0000-0000-F135-010000000000/click - {}
RESULT: {}
COMMAND: POST /session/b7ab755f-b650-461a-a647-5405af5be9e5/element - {"using":"xpath","value":"//XCUIElementTypeButton[@name=\"Month\"]"}
RESULT: {"using":"xpath","value":"//XCUIElementTypeButton[@name=\"Month\"]"}
COMMAND: GET /session/b7ab755f-b650-461a-a647-5405af5be9e5/element/91020000-0000-0000-F135-010000000000/text - {}
RESULT: {}
COMMAND: POST /session/b7ab755f-b650-461a-a647-5405af5be9e5/element - {"using":"xpath","value":"//XCUIElementTypeStaticText[@name=\"25\"]"}
RESULT: {"using":"xpath","value":"//XCUIElementTypeStaticText[@name=\"25\"]"}
COMMAND: POST /session/b7ab755f-b650-461a-a647-5405af5be9e5/element/2D030000-0000-0000-F135-010000000000/click - {}
RESULT: {}
COMMAND: POST /session/b7ab755f-b650-461a-a647-5405af5be9e5/element - {"using":"xpath","value":"//XCUIElementTypeButton[@name=\"Create\"]"}
RESULT: {"using":"xpath","value":"//XCUIElementTypeButton[@name=\"Create\"]"}
COMMAND: POST /session/b7ab755f-b650-461a-a647-5405af5be9e5/element/79020000-0000-0000-F135-010000000000/click - {}
RESULT: {}
COMMAND: POST /session/b7ab755f-b650-461a-a647-5405af5be9e5/element - {"using":"xpath","value":"//XCUIElementTypeButton[@name=\"Add\"]"}
RESULT: {"using":"xpath","value":"//XCUIElementTypeButton[@name=\"Add\"]"}
COMMAND: POST /session/b7ab755f-b650-461a-a647-5405af5be9e5/element/99000000-0000-0000-F135-010000000000/click - {}
RESULT: {}
COMMAND: POST /session/b7ab755f-b650-461a-a647-5405af5be9e5/element - {"using":"xpath","value":"//*[@value=\"Title\"]"}
RESULT: {"using":"xpath","value":"//*[@value=\"Title\"]"}
COMMAND: POST /session/b7ab755f-b650-461a-a647-5405af5be9e5/element/43030000-0000-0000-F135-010000000000/value - {"text":"Read a Book"}
RESULT: {"text":"Read a Book"}
COMMAND: POST /session/b7ab755f-b650-461a-a647-5405af5be9e5/element - {"using":"xpath","value":"//*[@value=\"Due\"]"}
RESULT: {"using":"xpath","value":"//*[@value=\"Due\"]"}
COMMAND: POST /session/b7ab755f-b650-461a-a647-5405af5be9e5/element/85030000-0000-0000-F135-010000000000/click - {}
RESULT: {}
COMMAND: POST /session/b7ab755f-b650-461a-a647-5405af5be9e5/element - {"using":"xpath","value":"//XCUIElementTypeButton[@name=\"Month\"]"}
RESULT: {"using":"xpath","value":"//XCUIElementTypeButton[@name=\"Month\"]"}
COMMAND: GET /session/b7ab755f-b650-461a-a647-5405af5be9e5/element/87030000-0000-0000-F135-010000000000/text - {}
RESULT: {}
COMMAND: POST /session/b7ab755f-b650-461a-a647-5405af5be9e5/element - {"using":"-ios predicate string","value":"name == \"DatePicker.NextMonth\""}
RESULT: {"using":"-ios predicate string","value":"name == \"DatePicker.NextMonth\""}
COMMAND: POST /session/b7ab755f-b650-461a-a647-5405af5be9e5/element/95030000-0000-0000-F135-010000000000/click - {}
RESULT: {}
COMMAND: POST /session/b7ab755f-b650-461a-a647-5405af5be9e5/element - {"using":"xpath","value":"//XCUIElementTypeButton[@name=\"Month\"]"}
RESULT: {"using":"xpath","value":"//XCUIElementTypeButton[@name=\"Month\"]"}
COMMAND: GET /session/b7ab755f-b650-461a-a647-5405af5be9e5/element/87030000-0000-0000-F135-010000000000/text - {}
RESULT: {}
COMMAND: POST /session/b7ab755f-b650-461a-a647-5405af5be9e5/element - {"using":"xpath","value":"//XCUIElementTypeStaticText[@name=\"10\"]"}
RESULT: {"using":"xpath","value":"//XCUIElementTypeStaticText[@name=\"10\"]"}
COMMAND: POST /session/b7ab755f-b650-461a-a647-5405af5be9e5/element/07040000-0000-0000-F135-010000000000/click - {}
RESULT: {}
COMMAND: POST /session/b7ab755f-b650-461a-a647-5405af5be9e5/element - {"using":"xpath","value":"//XCUIElementTypeButton[@name=\"Create\"]"}
RESULT: {"using":"xpath","value":"//XCUIElementTypeButton[@name=\"Create\"]"}
COMMAND: POST /session/b7ab755f-b650-461a-a647-5405af5be9e5/element/6F030000-0000-0000-F135-010000000000/click - {}
RESULT: {}
COMMAND: DELETE /session/b7ab755f-b650-461a-a647-5405af5be9e5 - {}
RESULT: {}
]]></system-out>
    </testcase>
  </testsuite>
</testsuites>