<?xml version="1.0" encoding="UTF-8"?>
<testsuites tests="3" failures="0" errors="0" skipped="0">
  <testsuite name="Notes App POM separation" timestamp="2026-01-05T13:40:21" time="13.378" tests="3" failures="0" errors="0" skipped="0">
    <properties>
      <property name="specId" value="0"/>
      <property name="suiteName" value="Notes App - POM separation"/>
      <property name="capabilities" value="android.emulator-5554"/>
      <property name="file" value="file://./test/specs/android_notes.spec.ts"/>
    </properties>
    <testcase classname="android.emulator-5554.Notes_App_-_POM_separation" name="Skip tutorial" time="2.063">
      <system-out><![CDATA[
COMMAND: POST /session/134e24c3-cfca-49fe-977e-f7dd9f2b1dec/element - {"using":"class name","value":"android.widget.Button"}
RESULT: {"using":"class name","value":"android.widget.Button"}
COMMAND: POST /session/134e24c3-cfca-49fe-977e-f7dd9f2b1dec/element/00000000-0000-02fa-ffff-ffff0000008f/click - {}
RESULT: {}
COMMAND: POST /session/134e24c3-cfca-49fe-977e-f7dd9f2b1dec/element - {"using":"xpath","value":"//*[@text=\"Add note\"]"}
RESULT: {"using":"xpath","value":"//*[@text=\"Add note\"]"}
COMMAND: POST /session/134e24c3-cfca-49fe-977e-f7dd9f2b1dec/elements - {"using":"xpath","value":"//*[@text=\"Add note\"]"}
RESULT: {"using":"xpath","value":"//*[@text=\"Add note\"]"}
]]></system-out>
    </testcase>
    <testcase classname="android.emulator-5554.Notes_App_-_POM_separation" name="Add a text note" time="5.996">
      <system-out><![CDATA[
COMMAND: POST /session/134e24c3-cfca-49fe-977e-f7dd9f2b1dec/element - {"using":"xpath","value":"//*[@text=\"Add note\"]"}
RESULT: {"using":"xpath","value":"//*[@text=\"Add note\"]"}
COMMAND: POST /session/134e24c3-cfca-49fe-977e-f7dd9f2b1dec/element/00000000-0000-02f9-ffff-ffff0000005b/click - {}
RESULT: {}
COMMAND: POST /session/134e24c3-cfca-49fe-977e-f7dd9f2b1dec/element - {"using":"-android uiautomator","value":"new UiSelector().text(\"Text\")"}
RESULT: {"using":"-android uiautomator","value":"new UiSelector().text(\"Text\")"}
COMMAND: POST /session/134e24c3-cfca-49fe-977e-f7dd9f2b1dec/elements - {"using":"-android uiautomator","value":"new UiSelector().text(\"Text\")"}
RESULT: {"using":"-android uiautomator","value":"new UiSelector().text(\"Text\")"}
COMMAND: POST /session/134e24c3-cfca-49fe-977e-f7dd9f2b1dec/element - {"using":"-android uiautomator","value":"new UiSelector().text(\"Text\")"}
RESULT: {"using":"-android uiautomator","value":"new UiSelector().text(\"Text\")"}
COMMAND: POST /session/134e24c3-cfca-49fe-977e-f7dd9f2b1dec/element - {"using":"-android uiautomator","value":"new UiSelector().text(\"Text\")"}
RESULT: {"using":"-android uiautomator","value":"new UiSelector().text(\"Text\")"}
COMMAND: POST /session/134e24c3-cfca-49fe-977e-f7dd9f2b1dec/element/00000000-0000-02fb-ffff-ffff000000ae/click - {}
RESULT: {}
COMMAND: POST /session/134e24c3-cfca-49fe-977e-f7dd9f2b1dec/element - {"using":"xpath","value":"//*[@text=\"Editing\"]"}
RESULT: {"using":"xpath","value":"//*[@text=\"Editing\"]"}
COMMAND: POST /session/134e24c3-cfca-49fe-977e-f7dd9f2b1dec/elements - {"using":"xpath","value":"//*[@text=\"Editing\"]"}
RESULT: {"using":"xpath","value":"//*[@text=\"Editing\"]"}
COMMAND: POST /session/134e24c3-cfca-49fe-977e-f7dd9f2b1dec/element - {"using":"xpath","value":"//*[@resource-id=\"com.socialnmobile.dictapps.notepad.color.note:id/edit_title\"]"}
RESULT: {"using":"xpath","value":"//*[@resource-id=\"com.socialnmobile.dictapps.notepad.color.note:id/edit_title\"]"}
COMMAND: POST /session/134e24c3-cfca-49fe-977e-f7dd9f2b1dec/element/00000000-0000-02fc-ffff-ffff000000d6/clear - {}
RESULT: {}
COMMAND: POST /session/134e24c3-cfca-49fe-977e-f7dd9f2b1dec/element/00000000-0000-02fc-ffff-ffff000000d6/value - {"text":"Test Note"}
RESULT: {"text":"Test Note"}
COMMAND: POST /session/134e24c3-cfca-49fe-977e-f7dd9f2b1dec/element - {"using":"xpath","value":"//android.widget.EditText[@resource-id=\"com.socialnmobile.dictapps.notepad.color.note:id/edit_note\"]"}
RESULT: {"using":"xpath","value":"//android.widget.EditText[@resource-id=\"com.socialnmobile.dictapps.notepad.color.note:id/edit_note\"]"}
COMMAND: POST /session/134e24c3-cfca-49fe-977e-f7dd9f2b1dec/element/00000000-0000-02fc-ffff-ffff000000e7/clear - {}
RESULT: {}
COMMAND: POST /session/134e24c3-cfca-49fe-977e-f7dd9f2b1dec/element/00000000-0000-02fc-ffff-ffff000000e7/value - {"text":"This is a test note for Android app testing."}
RESULT: {"text":"This is a test note for Android app testing."}
COMMAND: POST /session/134e24c3-cfca-49fe-977e-f7dd9f2b1dec/back - {}
RESULT: {}
COMMAND: POST /session/134e24c3-cfca-49fe-977e-f7dd9f2b1dec/back - {}
RESULT: {}
COMMAND: POST /session/134e24c3-cfca-49fe-977e-f7dd9f2b1dec/element - {"using":"xpath","value":"//*[@text=\"Test Note\"]"}
RESULT: {"using":"xpath","value":"//*[@text=\"Test Note\"]"}
COMMAND: POST /session/134e24c3-cfca-49fe-977e-f7dd9f2b1dec/elements - {"using":"xpath","value":"//*[@text=\"Test Note\"]"}
RESULT: {"using":"xpath","value":"//*[@text=\"Test Note\"]"}
]]></system-out>
    </testcase>
    <testcase classname="android.emulator-5554.Notes_App_-_POM_separation" name="Delete the note" time="5.317">
      <system-out><![CDATA[
COMMAND: POST /session/134e24c3-cfca-49fe-977e-f7dd9f2b1dec/element - {"using":"xpath","value":"//*[@text=\"Test Note\"]"}
RESULT: {"using":"xpath","value":"//*[@text=\"Test Note\"]"}
COMMAND: POST /session/134e24c3-cfca-49fe-977e-f7dd9f2b1dec/element/00000000-0000-02f9-ffff-ffff000000f6/click - {}
RESULT: {}
COMMAND: POST /session/134e24c3-cfca-49fe-977e-f7dd9f2b1dec/element - {"using":"xpath","value":"//android.widget.ImageButton[@content-desc=\"More\"]"}
RESULT: {"using":"xpath","value":"//android.widget.ImageButton[@content-desc=\"More\"]"}
COMMAND: POST /session/134e24c3-cfca-49fe-977e-f7dd9f2b1dec/element/00000000-0000-02fe-ffff-ffff0000013f/click - {}
RESULT: {}
COMMAND: POST /session/134e24c3-cfca-49fe-977e-f7dd9f2b1dec/element - {"using":"xpath","value":"//*[@text=\"Delete\"]"}
RESULT: {"using":"xpath","value":"//*[@text=\"Delete\"]"}
COMMAND: POST /session/134e24c3-cfca-49fe-977e-f7dd9f2b1dec/element/00000000-0000-02ff-ffff-ffff00000175/click - {}
RESULT: {}
COMMAND: POST /session/134e24c3-cfca-49fe-977e-f7dd9f2b1dec/element - {"using":"xpath","value":"//*[@resource-id=\"android:id/button1\"]"}
RESULT: {"using":"xpath","value":"//*[@resource-id=\"android:id/button1\"]"}
COMMAND: POST /session/134e24c3-cfca-49fe-977e-f7dd9f2b1dec/element/00000000-0000-0300-ffff-ffff0000018e/click - {}
RESULT: {}
COMMAND: POST /session/134e24c3-cfca-49fe-977e-f7dd9f2b1dec/element - {"using":"xpath","value":"//android.widget.ImageButton[@resource-id=\"com.socialnmobile.dictapps.notepad.color.note:id/icon_nav\"]"}
RESULT: {"using":"xpath","value":"//android.widget.ImageButton[@resource-id=\"com.socialnmobile.dictapps.notepad.color.note:id/icon_nav\"]"}
COMMAND: POST /session/134e24c3-cfca-49fe-977e-f7dd9f2b1dec/element/00000000-0000-02f9-ffff-ffff00000011/click - {}
RESULT: {}
COMMAND: POST /session/134e24c3-cfca-49fe-977e-f7dd9f2b1dec/element - {"using":"xpath","value":"//*[@text=\"Trash Can\"]"}
RESULT: {"using":"xpath","value":"//*[@text=\"Trash Can\"]"}
COMMAND: POST /session/134e24c3-cfca-49fe-977e-f7dd9f2b1dec/element/00000000-0000-02f9-ffff-ffff0000019b/click - {}
RESULT: {}
COMMAND: POST /session/134e24c3-cfca-49fe-977e-f7dd9f2b1dec/element - {"using":"xpath","value":"//*[@text=\"Test Note\"]"}
RESULT: {"using":"xpath","value":"//*[@text=\"Test Note\"]"}
COMMAND: POST /session/134e24c3-cfca-49fe-977e-f7dd9f2b1dec/elements - {"using":"xpath","value":"//*[@text=\"Test Note\"]"}
RESULT: {"using":"xpath","value":"//*[@text=\"Test Note\"]"}
COMMAND: DELETE /session/134e24c3-cfca-49fe-977e-f7dd9f2b1dec - {}
RESULT: {}
]]></system-out>
    </testcase>
  </testsuite>
</testsuites>